#
# There is insufficient memory for the Java Runtime Environment to continue.
# Native memory allocation (mmap) failed to map 266338304 bytes for G1 virtual space
# Possible reasons:
#   The system is out of physical RAM or swap space
#   The process is running with CompressedOops enabled, and the Java Heap may be blocking the growth of the native heap
# Possible solutions:
#   Reduce memory load on the system
#   Increase physical memory or swap space
#   Check if swap backing store is full
#   Decrease Java heap size (-Xmx/-Xms)
#   Decrease number of Java threads
#   Decrease Java thread stack sizes (-Xss)
#   Set larger code cache with -XX:ReservedCodeCacheSize=
#   JVM is running with Zero Based Compressed Oops mode in which the Java heap is
#     placed in the first 32GB address space. The Java Heap base address is the
#     maximum limit for the native heap growth. Please use -XX:HeapBaseMinAddress
#     to set the Java Heap base and to place the Java Heap above 32GB virtual address.
# This output file may be truncated or incomplete.
#
#  Out of Memory Error (os_windows.cpp:3760), pid=4920, tid=8748
#
# JRE version:  (17.0.5+1) (build )
# Java VM: OpenJDK 64-Bit Server VM (17.0.5+1-b653.23, mixed mode, sharing, tiered, compressed oops, compressed class ptrs, g1 gc, windows-amd64)
# No core dump will be written. Minidumps are not enabled by default on client versions of Windows
#

---------------  S U M M A R Y ------------

Command Line: git4idea.http.GitAskPassApp Username for 'https://github.com': 

Host: 11th Gen Intel(R) Core(TM) i7-1165G7 @ 2.80GHz, 8 cores, 15G,  Windows 10 , 64 bit Build 19041 (10.0.19041.2364)
Time: Wed Apr 12 17:22:44 2023 Romance Summer Time elapsed time: 0.010439 seconds (0d 0h 0m 0s)

---------------  T H R E A D  ---------------

Current thread (0x000001d7e4711d10):  JavaThread "Unknown thread" [_thread_in_vm, id=8748, stack(0x000000a763300000,0x000000a763400000)]

Stack: [0x000000a763300000,0x000000a763400000]
Native frames: (J=compiled Java code, j=interpreted, Vv=VM code, C=native code)
V  [jvm.dll+0x6830ca]
V  [jvm.dll+0x83f4c4]
V  [jvm.dll+0x840c6e]
V  [jvm.dll+0x8412d3]
V  [jvm.dll+0x2490b5]
V  [jvm.dll+0x67ff99]
V  [jvm.dll+0x6744aa]
V  [jvm.dll+0x308f2b]
V  [jvm.dll+0x3103e6]
V  [jvm.dll+0x36013e]
V  [jvm.dll+0x36036f]
V  [jvm.dll+0x2df018]
V  [jvm.dll+0x2dff84]
V  [jvm.dll+0x810d91]
V  [jvm.dll+0x36df31]
V  [jvm.dll+0x7f028c]
V  [jvm.dll+0x3f0cbf]
V  [jvm.dll+0x3f2801]
C  [jli.dll+0x526b]
C  [ucrtbase.dll+0x21bb2]
C  [KERNEL32.DLL+0x17614]
C  [ntdll.dll+0x526a1]


---------------  P R O C E S S  ---------------

Threads class SMR info:
_java_thread_list=0x00007ffef0f78f98, length=0, elements={
}

Java Threads: ( => current thread )

Other Threads:
  0x000001d7e477a380 GCTaskThread "GC Thread#0" [stack: 0x000000a763400000,0x000000a763500000] [id=11612]
  0x000001d7e478cf60 ConcurrentGCThread "G1 Main Marker" [stack: 0x000000a763500000,0x000000a763600000] [id=11036]
  0x000001d7e478d970 ConcurrentGCThread "G1 Conc#0" [stack: 0x000000a763600000,0x000000a763700000] [id=3156]

[error occurred during error reporting (printing all threads), id 0xc0000005, EXCEPTION_ACCESS_VIOLATION (0xc0000005) at pc=0x00007ffef072fbd7]

VM state: not at safepoint (not fully initialized)

VM Mutex/Monitor currently owned by a thread:  ([mutex/lock_event])
[0x000001d7e470b750] Heap_lock - owner thread: 0x000001d7e4711d10

Heap address: 0x0000000703600000, size: 4042 MB, Compressed Oops mode: Zero based, Oop shift amount: 3

CDS archive(s) mapped at: [0x0000000000000000-0x0000000000000000-0x0000000000000000), size 0, SharedBaseAddress: 0x0000000800000000, ArchiveRelocationMode: 0.
Narrow klass base: 0x0000000000000000, Narrow klass shift: 0, Narrow klass range: 0x0

GC Precious Log:
<Empty>

Heap:
 garbage-first heap   total 0K, used 0K [0x0000000703600000, 0x0000000800000000)
  region size 2048K, 0 young (0K), 0 survivors (0K)

[error occurred during error reporting (printing heap information), id 0xc0000005, EXCEPTION_ACCESS_VIOLATION (0xc0000005) at pc=0x00007ffef0b1cd59]

GC Heap History (0 events):
No events

Dll operation events (1 events):
Event: 0.005 Loaded shared library C:\Program Files\JetBrains\IntelliJ IDEA 2022.3.1\jbr\bin\java.dll

Deoptimization events (0 events):
No events

Classes unloaded (0 events):
No events

Classes redefined (0 events):
No events

Internal exceptions (0 events):
No events

VM Operations (0 events):
No events

Events (0 events):
No events


Dynamic libraries:
0x00007ff7684f0000 - 0x00007ff7684fa000 	C:\Program Files\JetBrains\IntelliJ IDEA 2022.3.1\jbr\bin\java.exe
0x00007fff391f0000 - 0x00007fff393e8000 	C:\Windows\SYSTEM32\ntdll.dll
0x00007fff38170000 - 0x00007fff3822f000 	C:\Windows\System32\KERNEL32.DLL
0x00007fff368e0000 - 0x00007fff36bb2000 	C:\Windows\System32\KERNELBASE.dll
0x00007fff36fe0000 - 0x00007fff370e0000 	C:\Windows\System32\ucrtbase.dll
0x00007fff273f0000 - 0x00007fff27407000 	C:\Program Files\JetBrains\IntelliJ IDEA 2022.3.1\jbr\bin\jli.dll
0x00007fff37720000 - 0x00007fff378c1000 	C:\Windows\System32\USER32.dll
0x00007ffef5b80000 - 0x00007ffef5b9b000 	C:\Program Files\JetBrains\IntelliJ IDEA 2022.3.1\jbr\bin\VCRUNTIME140.dll
0x00007fff36ed0000 - 0x00007fff36ef2000 	C:\Windows\System32\win32u.dll
0x00007fff1d240000 - 0x00007fff1d4da000 	C:\Windows\WinSxS\amd64_microsoft.windows.common-controls_6595b64144ccf1df_6.0.19041.1110_none_60b5254171f9507e\COMCTL32.dll
0x00007fff38130000 - 0x00007fff3815b000 	C:\Windows\System32\GDI32.dll
0x00007fff38500000 - 0x00007fff3859e000 	C:\Windows\System32\msvcrt.dll
0x00007fff36c60000 - 0x00007fff36d6f000 	C:\Windows\System32\gdi32full.dll
0x00007fff36bc0000 - 0x00007fff36c5d000 	C:\Windows\System32\msvcp_win.dll
0x00007fff378d0000 - 0x00007fff37902000 	C:\Windows\System32\IMM32.DLL
0x00007fff2f420000 - 0x00007fff2f42c000 	C:\Program Files\JetBrains\IntelliJ IDEA 2022.3.1\jbr\bin\vcruntime140_1.dll
0x00007ffec30b0000 - 0x00007ffec313d000 	C:\Program Files\JetBrains\IntelliJ IDEA 2022.3.1\jbr\bin\msvcp140.dll
0x00007ffef0440000 - 0x00007ffef10ab000 	C:\Program Files\JetBrains\IntelliJ IDEA 2022.3.1\jbr\bin\server\jvm.dll
0x00007fff37d20000 - 0x00007fff37dce000 	C:\Windows\System32\ADVAPI32.dll
0x00007fff37f70000 - 0x00007fff3800c000 	C:\Windows\System32\sechost.dll
0x00007fff388c0000 - 0x00007fff389e5000 	C:\Windows\System32\RPCRT4.dll
0x00007fff31f20000 - 0x00007fff31f29000 	C:\Windows\SYSTEM32\WSOCK32.dll
0x00007fff34570000 - 0x00007fff34597000 	C:\Windows\SYSTEM32\WINMM.dll
0x00007fff39140000 - 0x00007fff391ab000 	C:\Windows\System32\WS2_32.dll
0x00007fff2fd20000 - 0x00007fff2fd2a000 	C:\Windows\SYSTEM32\VERSION.dll
0x00007fff350e0000 - 0x00007fff350f2000 	C:\Windows\SYSTEM32\kernel.appcore.dll
0x00007fff311d0000 - 0x00007fff311da000 	C:\Program Files\JetBrains\IntelliJ IDEA 2022.3.1\jbr\bin\jimage.dll
0x00007fff342f0000 - 0x00007fff344d4000 	C:\Windows\SYSTEM32\DBGHELP.DLL
0x00007fff342b0000 - 0x00007fff342e5000 	C:\Windows\SYSTEM32\dbgcore.DLL
0x00007fff371a0000 - 0x00007fff37222000 	C:\Windows\System32\bcryptPrimitives.dll
0x00007fff2f4a0000 - 0x00007fff2f4c5000 	C:\Program Files\JetBrains\IntelliJ IDEA 2022.3.1\jbr\bin\java.dll

dbghelp: loaded successfully - version: 4.0.5 - missing functions: none
symbol engine: initialized successfully - sym options: 0x614 - pdb path: .;C:\Program Files\JetBrains\IntelliJ IDEA 2022.3.1\jbr\bin;C:\Windows\SYSTEM32;C:\Windows\WinSxS\amd64_microsoft.windows.common-controls_6595b64144ccf1df_6.0.19041.1110_none_60b5254171f9507e;C:\Program Files\JetBrains\IntelliJ IDEA 2022.3.1\jbr\bin\server

VM Arguments:
java_command: git4idea.http.GitAskPassApp Username for 'https://github.com': 
java_class_path (initial): C:/Program Files/JetBrains/IntelliJ IDEA 2022.3.1/plugins/vcs-git/lib/git4idea-rt.jar;C:/Program Files/JetBrains/IntelliJ IDEA 2022.3.1/lib/externalProcess-rt.jar;C:/Program Files/JetBrains/IntelliJ IDEA 2022.3.1/lib/app.jar;C:/Program Files/JetBrains/IntelliJ IDEA 2022.3.1/lib/3rd-party-rt.jar
Launcher Type: SUN_STANDARD

[Global flags]
     intx CICompilerCount                          = 4                                         {product} {ergonomic}
     uint ConcGCThreads                            = 2                                         {product} {ergonomic}
     uint G1ConcRefinementThreads                  = 8                                         {product} {ergonomic}
   size_t G1HeapRegionSize                         = 2097152                                   {product} {ergonomic}
    uintx GCDrainStackTargetSize                   = 64                                        {product} {ergonomic}
   size_t InitialHeapSize                          = 266338304                                 {product} {ergonomic}
   size_t MarkStackSize                            = 4194304                                   {product} {ergonomic}
   size_t MaxHeapSize                              = 4238344192                                {product} {ergonomic}
   size_t MinHeapDeltaBytes                        = 2097152                                   {product} {ergonomic}
   size_t MinHeapSize                              = 8388608                                   {product} {ergonomic}
    uintx NonNMethodCodeHeapSize                   = 5839372                                {pd product} {ergonomic}
    uintx NonProfiledCodeHeapSize                  = 122909434                              {pd product} {ergonomic}
    uintx ProfiledCodeHeapSize                     = 122909434                              {pd product} {ergonomic}
    uintx ReservedCodeCacheSize                    = 251658240                              {pd product} {ergonomic}
     bool SegmentedCodeCache                       = true                                      {product} {ergonomic}
   size_t SoftMaxHeapSize                          = 4238344192                             {manageable} {ergonomic}
     bool UseCompressedClassPointers               = true                           {product lp64_product} {ergonomic}
     bool UseCompressedOops                        = true                           {product lp64_product} {ergonomic}
     bool UseG1GC                                  = true                                      {product} {ergonomic}
     bool UseLargePagesIndividualAllocation        = false                                  {pd product} {ergonomic}

Logging:
Log output configuration:
 #0: stdout all=warning uptime,level,tags
 #1: stderr all=off uptime,level,tags

Environment Variables:
PATH=C:\Program Files\Git\mingw64\libexec\git-core;C:\Program Files\Git\mingw64\libexec\git-core;C:\Program Files\Git\mingw64\bin;C:\Program Files\Git\usr\bin;C:\Users\Lox\bin;C:\devkitPro\msys2\usr\bin;C:\Program Files\Common Files\Oracle\Java\javapath;C:\Windows\system32;C:\Windows;C:\Windows\System32\Wbem;C:\Windows\System32\WindowsPowerShell\v1.0;C:\Windows\System32\OpenSSH;C:\Program Files (x86)\dotnet;C:\Program Files\dotnet;C:\TDM-GCC-64\bin;C:\Users\Lox\Documents\libraries\opencv\build\x64\vc15\bin;C:\Program Files\Microsoft SQL Server\130\Tools\Binn;C:\Program Files\Inkscape\bin;C:\Program Files\Redis;C:\Program Files\Docker\Docker\resources\bin;C:\Program Files\nodejs;C:\ProgramData\chocolatey\bin;C:\Program Files\Git\cmd;C:\Users\Lox\.cargo\bin;C:\Users\Lox\AppData\Local\Programs\Python\Python311\Scripts;C:\Users\Lox\AppData\Local\Programs\Python\Python311;C:\devkitPro\msys2\usr\bin;C:\Program Files\Common Files\Oracle\Java\javapath;C:\Windows\system32;C:\Windows;C:\Windows\System32\Wbem;C:\Windows\System32\WindowsPowerShell\v1.0;C:\Windows\System32\OpenSSH;C:\Program Files (x86)\dotnet;C:\Program Files\dotnet;C:\TDM-GCC-64\bin;C:\Users\Lox\Documents\libraries\opencv\build\x64\vc15\bin;C:\Program Files\Microsoft SQL Server\130\Tools\Binn;C:\Program Files\Inkscape\bin;C:\Program Files\Redis;C:\Program Files\Docker\Docker\resources\bin;C:\Program Files\nodejs;C:\ProgramData\chocolatey\bin;C:\Program Files\Git\cmd;C:\ProgramData\chocolatey\lib\elixir\bin;C:\Program Files\youtube-dl;C:\Gradle\gradle-8.0.2\bin;C:\Program Files\Java\jdk-19\bin;C:\mingw64\bin;C:\Program Files\apache-maven-3.9.1\bin
USERNAME=Lox
DISPLAY=:0.0
LC_ALL=en_US.UTF-8
TERM=xterm-256color
TMPDIR=C:\Users\Lox\AppData\Local\Temp
OS=Windows_NT
PROCESSOR_IDENTIFIER=Intel64 Family 6 Model 140 Stepping 1, GenuineIntel
TMP=C:\Users\Lox\AppData\Local\Temp
TEMP=C:\Users\Lox\AppData\Local\Temp



---------------  S Y S T E M  ---------------

OS:
 Windows 10 , 64 bit Build 19041 (10.0.19041.2364)
OS uptime: 0 days 18:02 hours
Hyper-V role detected

CPU: total 8 (initial active 8) (4 cores per cpu, 2 threads per core) family 6 model 140 stepping 1 microcode 0x86, cx8, cmov, fxsr, ht, mmx, 3dnowpref, sse, sse2, sse3, ssse3, sse4.1, sse4.2, popcnt, lzcnt, tsc, tscinvbit, avx, avx2, aes, erms, clmul, bmi1, bmi2, adx, avx512f, avx512dq, avx512cd, avx512bw, avx512vl, sha, fma, vzeroupper, avx512_vpopcntdq, avx512_vpclmulqdq, avx512_vaes, avx512_vnni, clflush, clflushopt, clwb, avx512_vbmi2, avx512_vbmi, hv

Memory: 4k page, system-wide physical 16167M (3924M free)
TotalPageFile size 20263M (AvailPageFile size 180M)
current process WorkingSet (physical memory assigned to process): 10M, peak: 10M
current process commit charge ("private bytes"): 60M, peak: 314M

vm_info: OpenJDK 64-Bit Server VM (17.0.5+1-b653.23) for windows-amd64 JRE (17.0.5+1-b653.23), built on 2022-12-12 by "builduser" with MS VC++ 16.10 / 16.11 (VS2019)

END.
